<?xml version="1.0" encoding="UTF-8"?>
<!-- Generated by org.testng.reporters.JUnitReportReporter -->
<testsuite hostname="DESKTOP-E21T489" failures="0" tests="3" name="com.dinamic.v3.test.tescases.LoginTestCase" time="24.018" errors="0" timestamp="2022-12-03T15:59:26 IST" skipped="1">
  <testcase classname="com.dinamic.v3.test.tescases.LoginTestCase" name="log" time="0.330"/>
  <system-out/>
  <testcase classname="com.dinamic.v3.test.tescases.LoginTestCase" name="ordersEntry" time="23.688"/>
  <system-out/>
  <testcase classname="com.dinamic.v3.test.tescases.LoginTestCase" name="logout">
    <skipped/>
  </testcase> <!-- logout -->
  <system-out/>
</testsuite> <!-- com.dinamic.v3.test.tescases.LoginTestCase -->
