<?xml version="1.0" encoding="UTF-8"?>
<!-- Generated by org.testng.reporters.JUnitReportReporter -->
<testsuite hostname="DESKTOP-E21T489" failures="0" tests="2" name="com.dinamic.v3.test.ServiceCharge" time="21.297" errors="0" timestamp="2022-12-05T10:53:52 IST" skipped="0">
  <testcase classname="com.dinamic.v3.test.ServiceCharge" name="seviceChargeAdd" time="10.723"/>
  <system-out/>
  <testcase classname="com.dinamic.v3.test.ServiceCharge" name="enableServiceCharge" time="10.574"/>
  <system-out/>
</testsuite> <!-- com.dinamic.v3.test.ServiceCharge -->
