<?xml version="1.0" encoding="UTF-8"?>
<!-- Generated by org.testng.reporters.JUnitReportReporter -->
<testsuite hostname="DESKTOP-E21T489" failures="0" tests="2" name="com.dinamic.v3.test.tescases.ServiceCharge" time="33.824" errors="0" timestamp="2022-12-05T11:53:34 IST" skipped="0">
  <testcase classname="com.dinamic.v3.test.tescases.ServiceCharge" name="enableServiceCharge" time="8.702"/>
  <system-out/>
  <testcase classname="com.dinamic.v3.test.tescases.ServiceCharge" name="seviceChargeAdd" time="25.122"/>
  <system-out/>
</testsuite> <!-- com.dinamic.v3.test.tescases.ServiceCharge -->
