<?xml version="1.0" encoding="UTF-8"?>
<!-- Generated by org.testng.reporters.JUnitReportReporter -->
<testsuite hostname="DESKTOP-E21T489" failures="0" tests="2" name="com.dinamic.v3.test.ServiceCharge" time="30.464" errors="0" timestamp="2022-12-02T16:07:31 IST" skipped="0">
  <testcase classname="com.dinamic.v3.test.ServiceCharge" name="seviceChargeAdd" time="15.268"/>
  <system-out/>
  <testcase classname="com.dinamic.v3.test.ServiceCharge" name="enableServiceCharge" time="15.196"/>
  <system-out/>
</testsuite> <!-- com.dinamic.v3.test.ServiceCharge -->
