<?xml version="1.0" encoding="UTF-8"?>
<!-- Generated by org.testng.reporters.JUnitReportReporter -->
<testsuite hostname="DESKTOP-E21T489" failures="0" tests="2" name="com.dinamic.v3.test.tescases.MyAcountTestCase" time="4.260" errors="0" timestamp="2022-12-19T11:01:59 IST" skipped="0">
  <testcase classname="com.dinamic.v3.test.tescases.MyAcountTestCase" name="login" time="0.317"/>
  <system-out/>
  <testcase classname="com.dinamic.v3.test.tescases.MyAcountTestCase" name="enterPin" time="3.943"/>
  <system-out/>
</testsuite> <!-- com.dinamic.v3.test.tescases.MyAcountTestCase -->
