<?xml version="1.0" encoding="UTF-8"?>
<!-- Generated by org.testng.reporters.JUnitReportReporter -->
<testsuite hostname="DESKTOP-E21T489" failures="0" tests="1" name="com.dinamic.v3.test.tescases.MyAcoountTestCase" time="0.372" errors="0" timestamp="2022-12-19T10:49:19 IST" skipped="0">
  <testcase classname="com.dinamic.v3.test.tescases.MyAcoountTestCase" name="login" time="0.372"/>
  <system-out/>
</testsuite> <!-- com.dinamic.v3.test.tescases.MyAcoountTestCase -->
