<?xml version="1.0" encoding="UTF-8"?>
<!-- Generated by org.testng.reporters.JUnitReportReporter -->
<testsuite hostname="DESKTOP-E21T489" failures="0" tests="4" name="com.dinamic.v3.test.tescases.OrdersTestCase" time="27.020" errors="0" timestamp="2022-12-05T11:53:34 IST" skipped="1">
  <testcase classname="com.dinamic.v3.test.tescases.OrdersTestCase" name="log" time="0.269"/>
  <system-out/>
  <testcase classname="com.dinamic.v3.test.tescases.OrdersTestCase" name="withoutItemDiscountPrice" time="0.003"/>
  <system-out/>
  <testcase classname="com.dinamic.v3.test.tescases.OrdersTestCase" name="ordersEntry" time="26.748"/>
  <system-out/>
  <testcase classname="com.dinamic.v3.test.tescases.OrdersTestCase" name="logout">
    <skipped/>
  </testcase> <!-- logout -->
  <system-out/>
</testsuite> <!-- com.dinamic.v3.test.tescases.OrdersTestCase -->
