<?xml version="1.0" encoding="UTF-8"?>
<!-- Generated by org.testng.reporters.JUnitReportReporter -->
<testsuite hostname="DESKTOP-E21T489" failures="0" tests="1" name="com.dinamic.v3.test.tescases.EditingCompanyDetails" time="14.396" errors="0" timestamp="2023-01-24T12:53:58 IST" skipped="0">
  <testcase classname="com.dinamic.v3.test.tescases.EditingCompanyDetails" name="deletingCategory" time="14.396"/>
  <system-out/>
</testsuite> <!-- com.dinamic.v3.test.tescases.EditingCompanyDetails -->
