<?xml version="1.0" encoding="UTF-8"?>
<!-- Generated by org.testng.reporters.JUnitReportReporter -->
<testsuite hostname="DESKTOP-E21T489" failures="0" tests="1" name="com.dinamic.v3.test.EditingCompanyDetails" time="10.109" errors="0" timestamp="2022-11-30T15:02:56 IST" skipped="0">
  <testcase classname="com.dinamic.v3.test.EditingCompanyDetails" name="deletingCategory" time="10.109"/>
  <system-out/>
</testsuite> <!-- com.dinamic.v3.test.EditingCompanyDetails -->
