<?xml version="1.0" encoding="UTF-8"?>
<!-- Generated by org.testng.reporters.JUnitReportReporter -->
<testsuite hostname="DESKTOP-E21T489" failures="0" tests="1" name="com.dinamic.v3.test.DeleteCategory" time="27.148" errors="0" timestamp="2022-11-29T10:53:03 IST" skipped="0">
  <testcase classname="com.dinamic.v3.test.DeleteCategory" name="deletingCategory" time="27.148"/>
  <system-out/>
</testsuite> <!-- com.dinamic.v3.test.DeleteCategory -->
