<?xml version="1.0" encoding="UTF-8"?>
<!-- Generated by org.testng.reporters.JUnitReportReporter -->
<testsuite hostname="DESKTOP-E21T489" failures="0" tests="1" name="com.dinamic.v3.test.EditingCompanyDetails" time="13.596" errors="0" timestamp="2022-12-02T11:58:04 IST" skipped="0">
  <testcase classname="com.dinamic.v3.test.EditingCompanyDetails" name="deletingCategory" time="13.596"/>
  <system-out/>
</testsuite> <!-- com.dinamic.v3.test.EditingCompanyDetails -->
