<?xml version="1.0" encoding="UTF-8"?>
<!-- Generated by org.testng.reporters.JUnitReportReporter -->
<testsuite hostname="DESKTOP-E21T489" failures="0" tests="9" name="com.dinamic.v3.test.tescases.OrdersTestCase" time="472.710" errors="0" timestamp="2023-07-18T15:48:26 IST" skipped="7">
  <testcase classname="com.dinamic.v3.test.tescases.OrdersTestCase" name="login" time="5.349"/>
  <system-out/>
  <testcase classname="com.dinamic.v3.test.tescases.OrdersTestCase" name="ordersEntry" time="467.361"/>
  <system-out/>
  <testcase classname="com.dinamic.v3.test.tescases.OrdersTestCase" name="logout">
    <skipped/>
  </testcase> <!-- logout -->
  <system-out/>
  <testcase classname="com.dinamic.v3.test.tescases.OrdersTestCase" name="tableName">
    <skipped/>
  </testcase> <!-- tableName -->
  <system-out/>
  <testcase classname="com.dinamic.v3.test.tescases.OrdersTestCase" name="orderDiscount">
    <skipped/>
  </testcase> <!-- orderDiscount -->
  <system-out/>
  <testcase classname="com.dinamic.v3.test.tescases.OrdersTestCase" name="withoutItemDiscountPrice">
    <skipped/>
  </testcase> <!-- withoutItemDiscountPrice -->
  <system-out/>
  <testcase classname="com.dinamic.v3.test.tescases.OrdersTestCase" name="cancelOrder">
    <skipped/>
  </testcase> <!-- cancelOrder -->
  <system-out/>
  <testcase classname="com.dinamic.v3.test.tescases.OrdersTestCase" name="care">
    <skipped/>
  </testcase> <!-- care -->
  <system-out/>
  <testcase classname="com.dinamic.v3.test.tescases.OrdersTestCase" name="withItemDiscount">
    <skipped/>
  </testcase> <!-- withItemDiscount -->
  <system-out/>
</testsuite> <!-- com.dinamic.v3.test.tescases.OrdersTestCase -->
