<?xml version="1.0" encoding="UTF-8"?>
<!-- Generated by org.testng.reporters.JUnitReportReporter -->
<testsuite hostname="DESKTOP-E21T489" failures="0" tests="3" name="com.dinamic.v3.test.tescases.LoginTestCase" time="2.249" errors="0" timestamp="2022-12-02T11:58:04 IST" skipped="1">
  <testcase classname="com.dinamic.v3.test.tescases.LoginTestCase" name="log" time="0.395"/>
  <system-out/>
  <testcase classname="com.dinamic.v3.test.tescases.LoginTestCase" name="ordersEntry" time="1.854"/>
  <system-out/>
  <testcase classname="com.dinamic.v3.test.tescases.LoginTestCase" name="logout">
    <skipped/>
  </testcase> <!-- logout -->
  <system-out/>
</testsuite> <!-- com.dinamic.v3.test.tescases.LoginTestCase -->
