<?xml version="1.0" encoding="UTF-8"?>
<!-- Generated by org.testng.reporters.JUnitReportReporter -->
<testsuite hostname="DESKTOP-E21T489" failures="0" tests="1" name="com.dinamic.v3.test.Registration" time="0.000" errors="0" timestamp="2022-12-02T12:17:54 IST" skipped="1">
  <testcase classname="com.dinamic.v3.test.Registration" name="registration" time="0.000">
    <skipped/>
  </testcase> <!-- registration -->
  <system-out/>
</testsuite> <!-- com.dinamic.v3.test.Registration -->
