<?xml version="1.0" encoding="UTF-8"?>
<!-- Generated by org.testng.reporters.JUnitReportReporter -->
<testsuite hostname="DESKTOP-E21T489" failures="0" tests="1" name="com.dinamic.v3.test.AddCategory" time="192.910" errors="0" timestamp="2022-11-28T12:30:57 IST" skipped="0">
  <testcase classname="com.dinamic.v3.test.AddCategory" name="categoryAdding" time="192.910"/>
  <system-out/>
</testsuite> <!-- com.dinamic.v3.test.AddCategory -->
