<?xml version="1.0" encoding="UTF-8"?>
<!-- Generated by org.testng.reporters.JUnitReportReporter -->
<testsuite hostname="DESKTOP-E21T489" failures="0" tests="5" name="com.dinamic.v3.test.tescases.OrdersTestCase" time="104.036" errors="0" timestamp="2022-12-06T17:25:42 IST" skipped="1">
  <testcase classname="com.dinamic.v3.test.tescases.OrdersTestCase" name="log" time="0.996"/>
  <system-out/>
  <testcase classname="com.dinamic.v3.test.tescases.OrdersTestCase" name="ordersEntry" time="34.957"/>
  <system-out/>
  <testcase classname="com.dinamic.v3.test.tescases.OrdersTestCase" name="withoutItemDiscountPrice" time="0.496"/>
  <system-out/>
  <testcase classname="com.dinamic.v3.test.tescases.OrdersTestCase" name="withItemDiscount" time="67.587"/>
  <system-out/>
  <testcase classname="com.dinamic.v3.test.tescases.OrdersTestCase" name="logout">
    <skipped/>
  </testcase> <!-- logout -->
  <system-out/>
</testsuite> <!-- com.dinamic.v3.test.tescases.OrdersTestCase -->
