<?xml version="1.0" encoding="UTF-8"?>
<!-- Generated by org.testng.reporters.JUnitReportReporter -->
<testsuite hostname="DESKTOP-E21T489" failures="0" tests="2" name="com.dinamic.v3.test.ServiceCharge" time="21.383" errors="0" timestamp="2022-11-30T15:56:28 IST" skipped="0">
  <testcase classname="com.dinamic.v3.test.ServiceCharge" name="enableServiceCharge" time="10.143"/>
  <system-out/>
  <testcase classname="com.dinamic.v3.test.ServiceCharge" name="seviceChargeAdd" time="11.240"/>
  <system-out/>
</testsuite> <!-- com.dinamic.v3.test.ServiceCharge -->
