<?xml version="1.0" encoding="UTF-8"?>
<!-- Generated by org.testng.reporters.JUnitReportReporter -->
<testsuite hostname="DESKTOP-E21T489" failures="0" tests="1" name="com.dinamic.v3.test.tescases.EditingCompanyDetails" time="0.000" errors="0" timestamp="2023-03-22T12:17:00 IST" skipped="1">
  <testcase classname="com.dinamic.v3.test.tescases.EditingCompanyDetails" name="deletingCategory" time="0.000">
    <skipped/>
  </testcase> <!-- deletingCategory -->
  <system-out/>
</testsuite> <!-- com.dinamic.v3.test.tescases.EditingCompanyDetails -->
