<?xml version="1.0" encoding="UTF-8"?>
<!-- Generated by org.testng.reporters.JUnitReportReporter -->
<testsuite hostname="DESKTOP-E21T489" failures="0" tests="1" name="com.dinamic.v3.test.Registration" time="39.071" errors="0" timestamp="2022-11-29T12:14:13 IST" skipped="0">
  <testcase classname="com.dinamic.v3.test.Registration" name="registration" time="39.071"/>
  <system-out/>
</testsuite> <!-- com.dinamic.v3.test.Registration -->
