<?xml version="1.0" encoding="UTF-8"?>
<!-- Generated by org.testng.reporters.JUnitReportReporter -->
<testsuite hostname="DESKTOP-E21T489" failures="0" tests="2" name="com.dinamic.v3.test.ServiceCharge" time="20.841" errors="0" timestamp="2022-11-30T15:24:07 IST" skipped="0">
  <testcase classname="com.dinamic.v3.test.ServiceCharge" name="enableServiceCharge" time="10.906"/>
  <system-out/>
  <testcase classname="com.dinamic.v3.test.ServiceCharge" name="seviceChargeAdd" time="9.935"/>
  <system-out/>
</testsuite> <!-- com.dinamic.v3.test.ServiceCharge -->
