<?xml version="1.0" encoding="UTF-8"?>
<!-- Generated by org.testng.reporters.JUnitReportReporter -->
<testsuite hostname="DESKTOP-E21T489" failures="0" tests="1" name="com.dinamic.v3.test.tescases.EditingCompanyDetails" time="8.501" errors="0" timestamp="2022-12-05T11:53:34 IST" skipped="0">
  <testcase classname="com.dinamic.v3.test.tescases.EditingCompanyDetails" name="deletingCategory" time="8.501"/>
  <system-out/>
</testsuite> <!-- com.dinamic.v3.test.tescases.EditingCompanyDetails -->
