<?xml version="1.0" encoding="UTF-8"?>
<!-- Generated by org.testng.reporters.JUnitReportReporter -->
<testsuite hostname="DESKTOP-E21T489" failures="0" tests="2" name="com.dinamic.v3.test.ServiceCharge" time="36.184" errors="0" timestamp="2022-12-02T11:58:04 IST" skipped="0">
  <testcase classname="com.dinamic.v3.test.ServiceCharge" name="seviceChargeAdd" time="14.137"/>
  <system-out/>
  <testcase classname="com.dinamic.v3.test.ServiceCharge" name="enableServiceCharge" time="22.047"/>
  <system-out/>
</testsuite> <!-- com.dinamic.v3.test.ServiceCharge -->
