<?xml version="1.0" encoding="UTF-8"?>
<!-- Generated by org.testng.reporters.JUnitReportReporter -->
<testsuite hostname="DESKTOP-E21T489" failures="0" tests="5" name="com.dinamic.v3.test.tescases.MyAcountTestCase" time="0.001" errors="0" timestamp="2023-03-22T12:17:00 IST" skipped="5">
  <testcase classname="com.dinamic.v3.test.tescases.MyAcountTestCase" name="login" time="0.000">
    <skipped/>
  </testcase> <!-- login -->
  <system-out/>
  <testcase classname="com.dinamic.v3.test.tescases.MyAcountTestCase" name="enterPin" time="0.000">
    <skipped/>
  </testcase> <!-- enterPin -->
  <system-out/>
  <testcase classname="com.dinamic.v3.test.tescases.MyAcountTestCase" name="gettingAvailablePosition" time="0.001">
    <skipped/>
  </testcase> <!-- gettingAvailablePosition -->
  <system-out/>
  <testcase classname="com.dinamic.v3.test.tescases.MyAcountTestCase" name="addPositions" time="0.000">
    <skipped/>
  </testcase> <!-- addPositions -->
  <system-out/>
  <testcase classname="com.dinamic.v3.test.tescases.MyAcountTestCase" name="gettingStaff" time="0.000">
    <skipped/>
  </testcase> <!-- gettingStaff -->
  <system-out/>
</testsuite> <!-- com.dinamic.v3.test.tescases.MyAcountTestCase -->
