<?xml version="1.0" encoding="UTF-8"?>
<!-- Generated by org.testng.reporters.JUnitReportReporter -->
<testsuite hostname="DESKTOP-E21T489" failures="0" tests="2" name="com.dinamic.v3.test.tescases.ServiceCharge" time="0.000" errors="0" timestamp="2023-03-22T12:17:00 IST" skipped="2">
  <testcase classname="com.dinamic.v3.test.tescases.ServiceCharge" name="enableServiceCharge" time="0.000">
    <skipped/>
  </testcase> <!-- enableServiceCharge -->
  <system-out/>
  <testcase classname="com.dinamic.v3.test.tescases.ServiceCharge" name="seviceChargeAdd">
    <skipped/>
  </testcase> <!-- seviceChargeAdd -->
  <system-out/>
</testsuite> <!-- com.dinamic.v3.test.tescases.ServiceCharge -->
