<?xml version="1.0" encoding="UTF-8"?>
<!-- Generated by org.testng.reporters.JUnitReportReporter -->
<testsuite hostname="DESKTOP-E21T489" failures="0" tests="3" name="com.dinamic.v3.test.tescases.OrdersTestCase" time="26.451" errors="0" timestamp="2022-12-05T10:53:52 IST" skipped="1">
  <testcase classname="com.dinamic.v3.test.tescases.OrdersTestCase" name="log" time="0.290"/>
  <system-out/>
  <testcase classname="com.dinamic.v3.test.tescases.OrdersTestCase" name="ordersEntry" time="26.161"/>
  <system-out/>
  <testcase classname="com.dinamic.v3.test.tescases.OrdersTestCase" name="logout">
    <skipped/>
  </testcase> <!-- logout -->
  <system-out/>
</testsuite> <!-- com.dinamic.v3.test.tescases.OrdersTestCase -->
